0 info it worked if it ends with ok
1 verbose cli [ 'C:\\Program Files\\nodejs\\node.exe',
1 verbose cli   'C:\\Program Files\\nodejs\\node_modules\\npm\\bin\\npm-cli.js',
1 verbose cli   'start' ]
2 info using npm@3.3.12
3 info using node@v5.5.0
4 verbose run-script [ 'prestart', 'start', 'poststart' ]
5 info lifecycle wargen@0.0.1~prestart: wargen@0.0.1
6 silly lifecycle wargen@0.0.1~prestart: no script for prestart, continuing
7 info lifecycle wargen@0.0.1~start: wargen@0.0.1
8 verbose lifecycle wargen@0.0.1~start: unsafe-perm in lifecycle true
9 verbose lifecycle wargen@0.0.1~start: PATH: C:\Program Files\nodejs\node_modules\npm\bin\node-gyp-bin;G:\wargen-pg\node_modules\.bin;C:\Program Files (x86)\Common Files\Intel\Shared Files\cpp\bin\Intel64;C:\ProgramData\Oracle\Java\javapath;C:\app\Victor\product\11.2.0\client_1\bin;C:\Program Files (x86)\Borland\Delphi5\Bin;C:\Windows\system32;C:\Windows;C:\Windows\System32\Wbem;C:\Windows\System32\WindowsPowerShell\v1.0\;C:\Program Files (x86)\Windows Kits\8.1\Windows Performance Toolkit\;C:\Program Files\Microsoft SQL Server\110\Tools\Binn\;C:\Program Files (x86)\Microsoft SDKs\TypeScript\1.0\;C:\Program Files\Microsoft SQL Server\120\Tools\Binn\;C:\Program Files\Microsoft SQL Server\Client SDK\ODBC\110\Tools\Binn\;C:\Program Files (x86)\Microsoft SQL Server\120\Tools\Binn\;C:\Program Files\Microsoft SQL Server\120\DTS\Binn\;C:\Program Files (x86)\Microsoft SQL Server\120\Tools\Binn\ManagementStudio\;C:\Program Files (x86)\Microsoft SQL Server\120\DTS\Binn\;C:\Program Files (x86)\Skype\Phone\;C:\Program Files\nodejs\;C:\ProgramData\chocolatey\bin;C:\Users\Victor\AppData\Roaming\npm;C:\Program Files\MongoDB\Server\3.2\bin
10 verbose lifecycle wargen@0.0.1~start: CWD: G:\wargen-pg
11 silly lifecycle wargen@0.0.1~start: Args: [ '/d /s /c', 'set NODE_ENV=development&& nodemon ./bin/www' ]
12 silly lifecycle wargen@0.0.1~start: Returned: code: 1  signal: null
13 info lifecycle wargen@0.0.1~start: Failed to exec start script
14 verbose stack Error: wargen@0.0.1 start: `set NODE_ENV=development&& nodemon ./bin/www`
14 verbose stack Exit status 1
14 verbose stack     at EventEmitter.<anonymous> (C:\Program Files\nodejs\node_modules\npm\lib\utils\lifecycle.js:232:16)
14 verbose stack     at emitTwo (events.js:100:13)
14 verbose stack     at EventEmitter.emit (events.js:185:7)
14 verbose stack     at ChildProcess.<anonymous> (C:\Program Files\nodejs\node_modules\npm\lib\utils\spawn.js:24:14)
14 verbose stack     at emitTwo (events.js:100:13)
14 verbose stack     at ChildProcess.emit (events.js:185:7)
14 verbose stack     at maybeClose (internal/child_process.js:821:16)
14 verbose stack     at Process.ChildProcess._handle.onexit (internal/child_process.js:211:5)
15 verbose pkgid wargen@0.0.1
16 verbose cwd G:\wargen-pg
17 error Windows_NT 6.3.9600
18 error argv "C:\\Program Files\\nodejs\\node.exe" "C:\\Program Files\\nodejs\\node_modules\\npm\\bin\\npm-cli.js" "start"
19 error node v5.5.0
20 error npm  v3.3.12
21 error code ELIFECYCLE
22 error wargen@0.0.1 start: `set NODE_ENV=development&& nodemon ./bin/www`
22 error Exit status 1
23 error Failed at the wargen@0.0.1 start script 'set NODE_ENV=development&& nodemon ./bin/www'.
23 error Make sure you have the latest version of node.js and npm installed.
23 error If you do, this is most likely a problem with the wargen package,
23 error not with npm itself.
23 error Tell the author that this fails on your system:
23 error     set NODE_ENV=development&& nodemon ./bin/www
23 error You can get their info via:
23 error     npm owner ls wargen
23 error There is likely additional logging output above.
24 verbose exit [ 1, true ]
